ANGULARJS, 6, 127, ANGULAR2, 27
ANGULARJS, 6, 127, ASP.NET-WEB-API, 3
ANGULARJS, 6, 127, CSS, 23
ANGULARJS, 6, 127, EXPRESS, 3
ANGULARJS, 6, 127, HTML5, 24
ANGULARJS, 6, 127, IONIC-FRAMEWORK, 31
ANGULARJS, 6, 127, JAVASCRIPT, 5
ANGULARJS, 6, 127, JQUERY, 4
ANGULARJS, 6, 127, MONGODB, 33
ANGULARJS, 6, 127, NODE.JS, 6
ANGULARJS, 6, 127, REACTJS, 4
ANGULARJS, 6, 127, SASS, 21
ANGULARJS, 6, 127, TWITTER-BOOTSTRAP, 25
TYPESCRIPT, 7, 18, ANGULAR, 4
TYPESCRIPT, 7, 18, ANGULAR2, 5
ANGULAR2, 7, 19, ANGULARJS, 27
ANGULAR2, 7, 19, TYPESCRIPT, 5
ANGULAR, 7, 29, TYPESCRIPT, 4
DEVOPS, 9, 10, AMAZON-WEB-SERVICES, 3
LESS, 6, 10, CSS, 26
JENKINS, 9, 10, DEVOPS, 25
DEVOPS, 9, 10, DOCKER, 26
JENKINS, 9, 10, DOCKER, 28
MAVEN, 8, 10, ECLIPSE, 26
JENKINS, 9, 10, GIT, 24
MAVEN, 8, 10, HIBERNATE, 35
LESS, 6, 10, HTML5, 3
TWITTER-BOOTSTRAP-3, 6, 10, HTML5, 23
DEVOPS, 9, 10, JENKINS, 25
MAVEN, 8, 10, JENKINS, 4
TWITTER-BOOTSTRAP-3, 6, 10, JQUERY, 22
JENKINS, 9, 10, MAVEN, 4
PLSQL, 2, 10, ORACLE, 6
LESS, 6, 10, SASS, 62
MAVEN, 8, 10, SPRING, 5
MAVEN, 8, 10, SPRING-MVC, 26
PLSQL, 2, 10, SQL, 24
POWERSHELL, 5, 10, WINDOWS, 3
MYSQL, 6, 165, CODEIGNITER, 24
JQUERY, 6, 208, CODEIGNITER, 28
LARAVEL, 6, 32, CODEIGNITER, 33
PHP, 6, 361, CODEIGNITER, 5
AJAX, 6, 35, CODEIGNITER, 3
WORDPRESS, 6, 47, CODEIGNITER, 4
IOS, 4, 87, ANDROID, 5
TYPESCRIPT, 7, 18, ANGULAR2, 5
JAVASCRIPT, 6, 649, ANGULARJS, 5
LINUX, 5, 109, BASH, 5
WPF, 2, 19, C#, 5
PHP, 6, 361, CODEIGNITER, 5
SASS, 6, 31, CSS, 5
FLASK, 1, 9, DJANGO, 5
DJANGO, 1, 41, FLASK, 5
JAVA-EE, 8, 22, HIBERNATE, 5
JQUERY, 6, 208, HTML, 5
ANDROID, 4, 230, IOS, 5
SWIFT, 4, 64, IPHONE, 5
HIBERNATE, 8, 30, JAVA-EE, 5
NODE.JS, 3, 117, JAVASCRIPT, 5
ANGULARJS, 6, 127, JAVASCRIPT, 5
HTML, 6, 272, JQUERY, 5
TWITTER-BOOTSTRAP, 6, 31, JQUERY, 5
MYSQL, 6, 165, JQUERY, 5
BASH, 5, 24, LINUX, 5
SPRING, 8, 53, MAVEN, 5
JQUERY, 6, 208, MYSQL, 5
JAVASCRIPT, 6, 649, NODE.JS, 5
XCODE, 4, 11, OBJECTIVE-C, 5
WORDPRESS, 6, 47, PHP, 5
CODEIGNITER, 6, 19, PHP, 5
CSS, 6, 341, SASS, 5
MAVEN, 8, 10, SPRING, 5
IPHONE, 4, 15, SWIFT, 5
JQUERY, 6, 208, TWITTER-BOOTSTRAP, 5
ANGULAR2, 7, 19, TYPESCRIPT, 5
PHP, 6, 361, WORDPRESS, 5
C#, 2, 321, WPF, 5
OBJECTIVE-C, 4, 47, XCODE, 5
